<?xml version="1.0" encoding="UTF-8"?>
<!-- Generated by org.testng.reporters.JUnitXMLReporter -->
<testsuite ignored="0" hostname="UDI-76HZ9X2" failures="0" tests="3" name="Default test" time="4.573" errors="0" timestamp="2025-01-16T18:22:18 BRT">
  <testcase classname="Tests.SeleniumTest" name="validarPrimeiroSapatoEsportivo" time="0.808"/>
  <testcase classname="Tests.SeleniumTest" name="validarPrimeiroSapatoFormal" time="0.788"/>
  <testcase classname="Tests.SeleniumTest" name="validarTitulos_SapatosOnline" time="2.914"/>
</testsuite> <!-- Default test -->
